<?xml version="1.0" encoding="UTF-8"?>
<!-- Generated by org.testng.reporters.JUnitReportReporter -->
<testsuite skipped="0" hostname="LAPTOP-5NAGA1LD" name="Test01_GET" tests="2" failures="0" timestamp="2020-05-05T12:28:58 IST" time="6.236" errors="0">
  <testcase name="test_02" time="1.862" classname="Test01_GET"/>
  <system-out/>
  <testcase name="test_01" time="4.374" classname="Test01_GET"/>
  <system-out/>
</testsuite> <!-- Test01_GET -->
