<?xml version="1.0" encoding="UTF-8"?>
<!-- Generated by org.testng.reporters.JUnitReportReporter -->
<testsuite skipped="0" hostname="LAPTOP-5NAGA1LD" name="Demo.DataDrivenExample1" tests="1" failures="0" timestamp="2020-05-06T16:13:32 IST" time="3.189" errors="0">
  <testcase name="test_delete2" time="3.189" classname="Demo.DataDrivenExample1"/>
  <system-out/>
</testsuite> <!-- Demo.DataDrivenExample1 -->
