<?xml version="1.0" encoding="UTF-8"?>
<!-- Generated by org.testng.reporters.JUnitReportReporter -->
<testsuite skipped="0" hostname="LAPTOP-5NAGA1LD" name="Tests_GET" tests="1" failures="0" timestamp="2020-05-05T15:04:08 IST" time="6.426" errors="0">
  <testcase name="test_1" time="6.426" classname="Tests_GET"/>
  <system-out/>
</testsuite> <!-- Tests_GET -->
