<?xml version="1.0" encoding="UTF-8"?>
<!-- Generated by org.testng.reporters.JUnitReportReporter -->
<testsuite skipped="0" hostname="LAPTOP-5NAGA1LD" name="Examples" tests="1" failures="0" timestamp="2020-05-05T17:24:26 IST" time="3.288" errors="0">
  <testcase name="test_delete" time="3.288" classname="Examples"/>
  <system-out/>
</testsuite> <!-- Examples -->
