<?xml version="1.0" encoding="UTF-8"?>
<!-- Generated by org.testng.reporters.JUnitReportReporter -->
<testsuite skipped="0" hostname="LAPTOP-5NAGA1LD" name="Tests_POST" tests="1" failures="0" timestamp="2020-05-05T15:47:37 IST" time="4.398" errors="0">
  <testcase name="test_1_post" time="4.398" classname="Tests_POST"/>
  <system-out/>
</testsuite> <!-- Tests_POST -->
