<?xml version="1.0" encoding="UTF-8"?>
<!-- Generated by org.testng.reporters.JUnitReportReporter -->
<testsuite skipped="0" hostname="LAPTOP-5NAGA1LD" name="Tests_DELETE" tests="1" failures="0" timestamp="2020-05-05T16:03:05 IST" time="4.505" errors="0">
  <testcase name="test_1_delete" time="4.505" classname="Tests_DELETE"/>
  <system-out/>
</testsuite> <!-- Tests_DELETE -->
