<?xml version="1.0" encoding="UTF-8"?>
<!-- Generated by org.testng.reporters.JUnitReportReporter -->
<testsuite skipped="0" hostname="LAPTOP-5NAGA1LD" name="Tests_PUT" tests="1" failures="0" timestamp="2020-05-05T15:49:24 IST" time="4.482" errors="0">
  <testcase name="test_1_put" time="4.482" classname="Tests_PUT"/>
  <system-out/>
</testsuite> <!-- Tests_PUT -->
