<?xml version="1.0" encoding="UTF-8"?>
<!-- Generated by org.testng.reporters.JUnitReportReporter -->
<testsuite skipped="0" hostname="LAPTOP-5NAGA1LD" name="Tests_PATCH" tests="1" failures="0" timestamp="2020-05-05T15:54:05 IST" time="4.811" errors="0">
  <testcase name="test_1_patch" time="4.811" classname="Tests_PATCH"/>
  <system-out/>
</testsuite> <!-- Tests_PATCH -->
