<?xml version="1.0" encoding="UTF-8"?>
<!-- Generated by org.testng.reporters.JUnitReportReporter -->
<testsuite skipped="0" hostname="LAPTOP-5NAGA1LD" name="Demo.AutoITDemo" tests="1" failures="0" timestamp="2020-05-27T15:50:22 IST" time="26.373" errors="0">
  <testcase name="test" time="26.373" classname="Demo.AutoITDemo"/>
  <system-out/>
</testsuite> <!-- Demo.AutoITDemo -->
