<?xml version="1.0" encoding="UTF-8"?>
<!-- Generated by org.testng.reporters.JUnitReportReporter -->
<testsuite skipped="0" hostname="LAPTOP-5NAGA1LD" name="utils.ExcelDataProvider" tests="3" failures="0" timestamp="2020-05-22T16:16:02 IST" time="11.831" errors="0">
  <testcase name="test1" time="6.118" classname="utils.ExcelDataProvider"/>
  <system-out/>
  <testcase name="test1" time="2.850" classname="utils.ExcelDataProvider"/>
  <system-out/>
  <testcase name="test1" time="2.863" classname="utils.ExcelDataProvider"/>
  <system-out/>
</testsuite> <!-- utils.ExcelDataProvider -->
