<?xml version="1.0" encoding="UTF-8"?>
<!-- Generated by org.testng.reporters.JUnitReportReporter -->
<testsuite skipped="0" hostname="LAPTOP-5NAGA1LD" name="Test.TestNGDemo2" tests="1" failures="0" timestamp="2020-05-15T15:18:13 IST" time="9.181" errors="0">
  <testcase name="googleSearch2" time="9.181" classname="Test.TestNGDemo2"/>
  <system-out/>
</testsuite> <!-- Test.TestNGDemo2 -->
