<?xml version="1.0" encoding="UTF-8"?>
<!-- Generated by org.testng.reporters.JUnitReportReporter -->
<testsuite skipped="0" hostname="LAPTOP-5NAGA1LD" name="Demo.Test1" tests="1" failures="0" timestamp="2020-05-26T14:57:36 IST" time="10.288" errors="0">
  <testcase name="test1" time="10.288" classname="Demo.Test1"/>
  <system-out/>
</testsuite> <!-- Demo.Test1 -->
