<?xml version="1.0" encoding="UTF-8"?>
<!-- Generated by org.testng.reporters.JUnitReportReporter -->
<testsuite skipped="0" hostname="LAPTOP-5NAGA1LD" name="Demo.TestNGGroupsDemo" tests="2" failures="0" timestamp="2020-05-25T16:00:27 IST" time="0.022" errors="0">
  <testcase name="test2" time="0.018" classname="Demo.TestNGGroupsDemo"/>
  <system-out/>
  <testcase name="test3" time="0.004" classname="Demo.TestNGGroupsDemo"/>
  <system-out/>
</testsuite> <!-- Demo.TestNGGroupsDemo -->
