<?xml version="1.0" encoding="UTF-8"?>
<!-- Generated by org.testng.reporters.JUnitReportReporter -->
<testsuite skipped="0" hostname="LAPTOP-5NAGA1LD" name="Demo.TestNGMultiBrowserDemo" tests="1" failures="0" timestamp="2020-05-25T15:35:08 IST" time="11.564" errors="0">
  <testcase name="test1" time="11.564" classname="Demo.TestNGMultiBrowserDemo"/>
  <system-out/>
</testsuite> <!-- Demo.TestNGMultiBrowserDemo -->
