<?xml version="1.0" encoding="UTF-8"?>
<!-- Generated by org.testng.reporters.JUnitReportReporter -->
<testsuite skipped="0" hostname="LAPTOP-5NAGA1LD" name="Test.TestNGDemo" tests="1" failures="0" timestamp="2020-05-21T15:49:56 IST" time="7.390" errors="0">
  <testcase name="googleSearch" time="7.390" classname="Test.TestNGDemo"/>
  <system-out/>
</testsuite> <!-- Test.TestNGDemo -->
