<?xml version="1.0" encoding="UTF-8"?>
<!-- Generated by org.testng.reporters.JUnitReportReporter -->
<testsuite skipped="1" hostname="LAPTOP-5NAGA1LD" name="Demo.TestNGIngnoreDemo" tests="2" failures="0" timestamp="2020-05-25T16:58:19 IST" time="0.012" errors="0">
  <testcase name="Test2" time="0.012" classname="Demo.TestNGIngnoreDemo"/>
  <system-out/>
  <testcase name="Test1" classname="Demo.TestNGIngnoreDemo">
    <skipped/>
  </testcase> <!-- Test1 -->
  <system-out/>
</testsuite> <!-- Demo.TestNGIngnoreDemo -->
