<?xml version="1.0" encoding="UTF-8"?>
<!-- Generated by org.testng.reporters.JUnitReportReporter -->
<testsuite skipped="0" hostname="LAPTOP-5NAGA1LD" name="Demo.TestNGParameterDemo" tests="1" failures="0" timestamp="2020-05-25T16:28:02 IST" time="0.020" errors="0">
  <testcase name="test" time="0.020" classname="Demo.TestNGParameterDemo"/>
  <system-out/>
</testsuite> <!-- Demo.TestNGParameterDemo -->
