<?xml version="1.0" encoding="UTF-8"?>
<!-- Generated by org.testng.reporters.JUnitReportReporter -->
<testsuite skipped="1" hostname="LAPTOP-5NAGA1LD" name="listeners.TestNGListenerDemo2" tests="3" failures="0" timestamp="2020-05-23T16:29:01 IST" time="0.011" errors="0">
  <testcase name="test4" time="0.002" classname="listeners.TestNGListenerDemo2"/>
  <system-out/>
  <testcase name="test5" time="0.006" classname="listeners.TestNGListenerDemo2"/>
  <system-out/>
  <testcase name="test6" time="0.003" classname="listeners.TestNGListenerDemo2">
    <skipped/>
  </testcase> <!-- test6 -->
  <system-out/>
</testsuite> <!-- listeners.TestNGListenerDemo2 -->
