<?xml version="1.0" encoding="UTF-8"?>
<!-- Generated by org.testng.reporters.JUnitReportReporter -->
<testsuite skipped="0" hostname="LAPTOP-5NAGA1LD" name="Test.ExtentReportDemoWithTestNG" tests="2" failures="0" timestamp="2020-05-14T16:57:53 IST" time="7.467" errors="0">
  <testcase name="test2" time="0.002" classname="Test.ExtentReportDemoWithTestNG"/>
  <system-out/>
  <testcase name="test1" time="7.465" classname="Test.ExtentReportDemoWithTestNG"/>
  <system-out/>
</testsuite> <!-- Test.ExtentReportDemoWithTestNG -->
