<?xml version="1.0" encoding="UTF-8"?>
<!-- Generated by org.testng.reporters.JUnitReportReporter -->
<testsuite skipped="0" hostname="LAPTOP-5NAGA1LD" name="Demo.TestNGDependencyDemo" tests="3" failures="0" timestamp="2020-05-25T16:36:33 IST" time="0.016" errors="0">
  <testcase name="Test1" time="0.000" classname="Demo.TestNGDependencyDemo"/>
  <system-out/>
  <testcase name="Test2" time="0.016" classname="Demo.TestNGDependencyDemo"/>
  <system-out/>
  <testcase name="Test3" time="0.000" classname="Demo.TestNGDependencyDemo"/>
  <system-out/>
</testsuite> <!-- Demo.TestNGDependencyDemo -->
