<?xml version="1.0" encoding="UTF-8"?>
<!-- Generated by org.testng.reporters.JUnitReportReporter -->
<testsuite skipped="0" hostname="LAPTOP-5NAGA1LD" name="Demo.HeadlessChromeDemo" tests="1" failures="0" timestamp="2020-05-26T16:55:51 IST" time="10.657" errors="0">
  <testcase name="test" time="10.657" classname="Demo.HeadlessChromeDemo"/>
  <system-out/>
</testsuite> <!-- Demo.HeadlessChromeDemo -->
