<?xml version="1.0" encoding="UTF-8"?>
<!-- Generated by org.testng.reporters.JUnitReportReporter -->
<testsuite skipped="0" hostname="LAPTOP-5NAGA1LD" name="Demo.TestNGPriorityDemo" tests="3" failures="0" timestamp="2020-05-25T14:58:40 IST" time="0.036" errors="0">
  <testcase name="one" time="0.028" classname="Demo.TestNGPriorityDemo"/>
  <system-out/>
  <testcase name="two" time="0.004" classname="Demo.TestNGPriorityDemo"/>
  <system-out/>
  <testcase name="three" time="0.004" classname="Demo.TestNGPriorityDemo"/>
  <system-out/>
</testsuite> <!-- Demo.TestNGPriorityDemo -->
